<?xml version="1.0" encoding="UTF-8"?>
<!-- Generated by org.testng.reporters.JUnitReportReporter -->
<testsuite hostname="LAPTOP-K8ACM6HQ" failures="0" tests="1" name="demra.FaceBook" time="7.972" errors="0" timestamp="2021-01-20T09:00:53 EST" skipped="0">
  <testcase classname="demra.FaceBook" name="openBrowser" time="7.972"/>
  <system-out/>
</testsuite> <!-- demra.FaceBook -->
